<?xml version="1.0" encoding="UTF-8"?>
<testng-results skipped="0" failed="0" ignored="0" total="1" passed="1">
  <reporter-output>
  </reporter-output>
  <suite name="Suite" duration-ms="61175" started-at="2018-11-03T16:06:19Z" finished-at="2018-11-03T16:07:20Z">
    <groups>
    </groups>
    <test name="Test" duration-ms="61175" started-at="2018-11-03T16:06:19Z" finished-at="2018-11-03T16:07:20Z">
      <class name="com.ilab.automation.LoginTest">
        <test-method status="PASS" signature="browerLaunch()[pri:0, instance:com.ilab.automation.LoginTest@704921a5]" name="browerLaunch" is-config="true" duration-ms="15277" started-at="2018-11-03T16:06:19Z" finished-at="2018-11-03T16:06:34Z">
          <reporter-output>
          </reporter-output>
        </test-method> <!-- browerLaunch -->
        <test-method status="PASS" signature="loginpage_test()[pri:0, instance:com.ilab.automation.LoginTest@704921a5]" name="loginpage_test" duration-ms="43506" started-at="2018-11-03T16:06:34Z" finished-at="2018-11-03T16:07:18Z">
          <reporter-output>
          </reporter-output>
        </test-method> <!-- loginpage_test -->
        <test-method status="PASS" signature="browserClose()[pri:0, instance:com.ilab.automation.LoginTest@704921a5]" name="browserClose" is-config="true" duration-ms="2339" started-at="2018-11-03T16:07:18Z" finished-at="2018-11-03T16:07:20Z">
          <reporter-output>
          </reporter-output>
        </test-method> <!-- browserClose -->
      </class> <!-- com.ilab.automation.LoginTest -->
    </test> <!-- Test -->
  </suite> <!-- Suite -->
</testng-results>
