<?xml version="1.0" encoding="UTF-8"?>
<testng-results skipped="0" failed="0" ignored="0" total="1" passed="1">
  <reporter-output>
  </reporter-output>
  <suite name="Suite" duration-ms="55223" started-at="2018-10-24T02:14:50Z" finished-at="2018-10-24T02:15:45Z">
    <groups>
    </groups>
    <test name="Test" duration-ms="55223" started-at="2018-10-24T02:14:50Z" finished-at="2018-10-24T02:15:45Z">
      <class name="com.ilab.automation.LoginTest">
        <test-method status="PASS" signature="browerLaunch()[pri:0, instance:com.ilab.automation.LoginTest@7403c468]" name="browerLaunch" is-config="true" duration-ms="21178" started-at="2018-10-24T02:14:50Z" finished-at="2018-10-24T02:15:11Z">
          <reporter-output>
          </reporter-output>
        </test-method> <!-- browerLaunch -->
        <test-method status="PASS" signature="loginpage_test()[pri:0, instance:com.ilab.automation.LoginTest@7403c468]" name="loginpage_test" duration-ms="31933" started-at="2018-10-24T02:15:11Z" finished-at="2018-10-24T02:15:43Z">
          <reporter-output>
          </reporter-output>
        </test-method> <!-- loginpage_test -->
        <test-method status="PASS" signature="browserClose()[pri:0, instance:com.ilab.automation.LoginTest@7403c468]" name="browserClose" is-config="true" duration-ms="2082" started-at="2018-10-24T02:15:43Z" finished-at="2018-10-24T02:15:45Z">
          <reporter-output>
          </reporter-output>
        </test-method> <!-- browserClose -->
      </class> <!-- com.ilab.automation.LoginTest -->
    </test> <!-- Test -->
  </suite> <!-- Suite -->
</testng-results>
